Title Aufgabe12

H Solver    Type
Solver      1

H Nodes	 ID     X		Y
Nodes    1      0.0     0.0      
Nodes    2      500.0   500.0
Nodes    3      500.0   0.0
Nodes    4      0.0     500.0

H Elements	 ID	 Type	 MatID	 PropID	 N1	 N2
Elements     1   122     1       1       1   2
Elements     2   122     1       2       2   3
Elements     3   122     1       1       3   4

H Materials	 ID     Ep
Materials    1      210000

H Properties   ID  A      
Properties     1   200    
Properties     2   50    

H BC	NodeID	 XDir	 YDir   
BC      1        0       0     
BC      2        0       i
BC      3        0       i      
BC      4        0       0      

H Loads	 NodeID	 ForceX	 ForceY 
Loads    2       0.0     -10000.0  

H nDisp		 nID		 U		 V		 W		 rX		 rY		 rZ
nDisp	         1	         0	         0	         0	         0	         0	         0
nDisp	         2	         0	   -0.2381	         0	         0	         0	         0
nDisp	         3	         0	 -0.098622	         0	         0	         0	         0
nDisp	         4	         0	         0	         0	         0	         0	         0

H eStress		 eID		 eType		 eNode		 nID		 sigX		 sigY		 sigZ		 tauXY		 tauYZ		 tauZX
eStress	         1	       122	         1	         1	       -50	         0	         0	         0	         0	         0
eStress	         1	       122	         2	         2	       -50	         0	         0	         0	         0	         0
eStress	         2	       122	         1	         2	   -58.579	         0	         0	         0	         0	         0
eStress	         2	       122	         2	         3	   -58.579	         0	         0	         0	         0	         0
eStress	         3	       122	         1	         3	    20.711	         0	         0	         0	         0	         0
eStress	         3	       122	         2	         4	    20.711	         0	         0	         0	         0	         0

