Title Fachwerk aus 2D-Stabelementen

H Solver    Type
Solver      1

H Nodes	 ID     X			Y
Nodes   1       0           0
Nodes   2       500         0        
Nodes   3       250         600   
Nodes   4       1000        0        
Nodes   5       750         600      
Nodes   6       1500        0
Nodes   7       1250        600 

H Elements	 ID	 Type	 MatID	 PropID	 N1	 N2
Elements     1   122     1       1       1   2
Elements     2   122     1       1       2   3
Elements     3   122     1       1       1   3
Elements     4   122     1       1       3   5
Elements     5   122     1       1       2   5
Elements     6   122     1       1       2   4
Elements     7   122     1       1       4   5
Elements     8   122     1       1       5   7
Elements     9   122     1       1       4   7
Elements     10  122     1       1       4   6
Elements     11  122     1       1       6   7

H Materials	 ID     Ep
Materials    1      70000

H Properties    ID  A
Properties      1   200

H BC	NodeID	 XDir	 YDir
BC      1        0       0
BC      6        i       0

H Loads	 NodeID	 ForceX	 ForceY
Loads    2       0.0     -2000.0
Loads    4       0.0     -1500.0



H nDisp		 nID		 U		 V		 W		 rX		 rY		 rZ
nDisp	         1	         0	         0	         0	         0	         0	         0
nDisp	         2	  0.027282	  -0.27661	         0	         0	         0	         0
nDisp	         3	   0.10582	  -0.14399	         0	         0	         0	         0
nDisp	         4	  0.079365	  -0.25672	         0	         0	         0	         0
nDisp	         5	  0.051257	  -0.27752	         0	         0	         0	         0
nDisp	         6	   0.10417	         0	         0	         0	         0	         0
nDisp	         7	 0.0016534	  -0.13353	         0	         0	         0	         0

H eStress		 eID		 eType		 eNode		 nID		 sigX		 sigY		 sigZ		 tauXY		 tauYZ		 tauZX
eStress	         1	       122	         1	         1	    3.8194	         0	         0	         0	         0	         0
eStress	         1	       122	         2	         2	    3.8194	         0	         0	         0	         0	         0
eStress	         2	       122	         1	         2	    9.9306	         0	         0	         0	         0	         0
eStress	         2	       122	         2	         3	    9.9306	         0	         0	         0	         0	         0
eStress	         3	       122	         1	         1	   -9.9306	         0	         0	         0	         0	         0
eStress	         3	       122	         2	         3	   -9.9306	         0	         0	         0	         0	         0
eStress	         4	       122	         1	         3	   -7.6389	         0	         0	         0	         0	         0
eStress	         4	       122	         2	         5	   -7.6389	         0	         0	         0	         0	         0
eStress	         5	       122	         1	         2	   0.90278	         0	         0	         0	         0	         0
eStress	         5	       122	         2	         5	   0.90278	         0	         0	         0	         0	         0
eStress	         6	       122	         1	         2	    7.2917	         0	         0	         0	         0	         0
eStress	         6	       122	         2	         4	    7.2917	         0	         0	         0	         0	         0
eStress	         7	       122	         1	         4	  -0.90278	         0	         0	         0	         0	         0
eStress	         7	       122	         2	         5	  -0.90278	         0	         0	         0	         0	         0
eStress	         8	       122	         1	         5	   -6.9444	         0	         0	         0	         0	         0
eStress	         8	       122	         2	         7	   -6.9444	         0	         0	         0	         0	         0
eStress	         9	       122	         1	         4	    9.0278	         0	         0	         0	         0	         0
eStress	         9	       122	         2	         7	    9.0278	         0	         0	         0	         0	         0
eStress	        10	       122	         1	         4	    3.4722	         0	         0	         0	         0	         0
eStress	        10	       122	         2	         6	    3.4722	         0	         0	         0	         0	         0
eStress	        11	       122	         1	         6	   -9.0278	         0	         0	         0	         0	         0
eStress	        11	       122	         2	         7	   -9.0278	         0	         0	         0	         0	         0

